<?xml version="1.0" encoding="UTF-8"?>
<!-- Generated by org.testng.reporters.JUnitReportReporter -->
<testsuite skipped="0" hostname="DESKTOP-81M737A" name="OrderCard.LoginToOpal" tests="1" failures="0" timestamp="03 Sep 2017 22:37:51 GMT" time="53.188" errors="0">
  <testcase name="LogintoOpal" time="53.188" classname="OrderCard.LoginToOpal"/>
</testsuite> <!-- OrderCard.LoginToOpal -->
